#
# A fatal error has been detected by the Java Runtime Environment:
#
#  EXCEPTION_ACCESS_VIOLATION (0xc0000005) at pc=0x000000006468c17e, pid=13248, tid=0x000000000000035c
#
# JRE version: OpenJDK Runtime Environment (8.0_242-b01) (build 1.8.0_242-release-1644-b01)
# Java VM: OpenJDK 64-Bit Server VM (25.242-b01 mixed mode windows-amd64 compressed oops)
# Problematic frame:
# V  [jvm.dll+0x43c17e]
#
# Failed to write core dump. Minidumps are not enabled by default on client versions of Windows
#
# If you would like to submit a bug report, please visit:
#   
#

---------------  T H R E A D  ---------------

Current thread (0x0000000017a3a000):  JavaThread "C2 CompilerThread0" daemon [_thread_in_native, id=860, stack(0x0000000019080000,0x0000000019180000)]

siginfo: ExceptionCode=0xc0000005, reading address 0xffffffffffffffff

Registers:
RAX=0x000000001deca540, RBX=0x000000002fcc82b0, RCX=0x0000000000000004, RDX=0x0000000000000004
RSP=0x000000001917c180, RBP=0x000000000000229b, RSI=0x000000001917c530, RDI=0x0000000000003ab7
R8 =0x0000000008000000, R9 =0x000080001f377380, R10=0x0000000064250000, R11=0x000000002fd1d850
R12=0x0000000064a1f750, R13=0x000000002fe29420, R14=0x0000000000187820, R15=0x0000000064250000
RIP=0x000000006468c17e, EFLAGS=0x0000000000010206

Top of Stack: (sp=0x000000001917c180)
0x000000001917c180:   000000001917c550 000000002fcc0a10
0x000000001917c190:   000000000000229b 000000001917c530
0x000000001917c1a0:   0000434500000000 0000000000000008
0x000000001917c1b0:   0000000024595d40 0000000000000044
0x000000001917c1c0:   000000002df581b0 0000000000000044
0x000000001917c1d0:   000000002fcac510 0000437900000000
0x000000001917c1e0:   0000000000000008 000000002cdb5260
0x000000001917c1f0:   0000000000000044 000000002423c210
0x000000001917c200:   0000000000000044 000000002fbd7130
0x000000001917c210:   00003ab8000000ff 0000000000000006
0x000000001917c220:   000000001ea713c0 000000000000003b
0x000000001917c230:   000000002cdbc5c0 0000000000000044
0x000000001917c240:   000000001917c550 0000000000000044
0x000000001917c250:   000000002ad166a0 000000001917c530
0x000000001917c260:   000000000000229b 000000002fcac510
0x000000001917c270:   00000000000037ee 000000006468dc38 

Instructions: (pc=0x000000006468c17e)
0x000000006468c15e:   e8 2d 6e 03 00 4c 8b c8 8b d5 8b cd 41 b8 01 00
0x000000006468c16e:   00 00 c1 ea 05 83 e1 1f 83 e2 07 41 d3 e0 8b ca
0x000000006468c17e:   41 8b 14 91 8b c2 41 0b c0 41 85 d0 41 89 04 89
0x000000006468c18e:   0f 95 c0 84 c0 75 04 ff 03 84 c0 0f 94 c0 84 c0 


Register to memory mapping:

RAX=0x000000001deca540 is an unknown value
RBX=0x000000002fcc82b0 is an unknown value
RCX=0x0000000000000004 is an unknown value
RDX=0x0000000000000004 is an unknown value
RSP=0x000000001917c180 is pointing into the stack for thread: 0x0000000017a3a000
RBP=0x000000000000229b is an unknown value
RSI=0x000000001917c530 is pointing into the stack for thread: 0x0000000017a3a000
RDI=0x0000000000003ab7 is an unknown value
R8 =0x0000000008000000 is at entry_point+14016 in (nmethod*)0x0000000007ffc510
R9 =0x000080001f377380 is an unknown value
R10=0x0000000064250000 is an unknown value
R11=0x000000002fd1d850 is an unknown value
R12=0x0000000064a1f750 is an unknown value
R13=0x000000002fe29420 is an unknown value
R14=0x0000000000187820 is an unknown value
R15=0x0000000064250000 is an unknown value


Stack: [0x0000000019080000,0x0000000019180000],  sp=0x000000001917c180,  free space=1008k
Native frames: (J=compiled Java code, j=interpreted, Vv=VM code, C=native code)
V  [jvm.dll+0x43c17e]
V  [jvm.dll+0x43dc38]
V  [jvm.dll+0x43de26]
V  [jvm.dll+0x43b964]
V  [jvm.dll+0x43aa64]
V  [jvm.dll+0x4456ab]
V  [jvm.dll+0x447fa8]
V  [jvm.dll+0x42b072]
V  [jvm.dll+0x8230f]
V  [jvm.dll+0x82c7f]
V  [jvm.dll+0x220b7f]
V  [jvm.dll+0x27276a]
C  [msvcr100.dll+0x21d9f]
C  [msvcr100.dll+0x21e3b]
C  [KERNEL32.DLL+0x17bd4]
C  [ntdll.dll+0x6ce51]


Current CompileTask:
C2:5622631 31290 %     4       com.android.tools.r8.B.a.a.f::a @ 1823 (3630 bytes)


---------------  P R O C E S S  ---------------

Java Threads: ( => current thread )
  0x00000000195ce000 JavaThread "ForkJoinPool.commonPool-worker-3" daemon [_thread_blocked, id=8840, stack(0x000000002f970000,0x000000002fa70000)]
  0x00000000195cc800 JavaThread "ForkJoinPool.commonPool-worker-2" daemon [_thread_blocked, id=7616, stack(0x000000002f870000,0x000000002f970000)]
  0x00000000195cd800 JavaThread "stdout" [_thread_in_native, id=7692, stack(0x000000002f670000,0x000000002f770000)]
  0x00000000195cf000 JavaThread "stderr" [_thread_in_native, id=14140, stack(0x000000002f570000,0x000000002f670000)]
  0x00000000195c4800 JavaThread "stdout" [_thread_in_native, id=1580, stack(0x000000002f470000,0x000000002f570000)]
  0x00000000195ca800 JavaThread "stderr" [_thread_in_native, id=11336, stack(0x000000002f170000,0x000000002f270000)]
  0x00000000195c2000 JavaThread "stdout" [_thread_in_native, id=1432, stack(0x000000002bab0000,0x000000002bbb0000)]
  0x00000000201de000 JavaThread "stderr" [_thread_in_native, id=2480, stack(0x0000000029e50000,0x0000000029f50000)]
  0x00000000201dd000 JavaThread "stdout" [_thread_in_native, id=5708, stack(0x0000000029d50000,0x0000000029e50000)]
  0x00000000201df800 JavaThread "stderr" [_thread_in_native, id=5392, stack(0x0000000029c50000,0x0000000029d50000)]
  0x00000000201e1800 JavaThread "pool-67-thread-1" [_thread_blocked, id=14236, stack(0x0000000029b50000,0x0000000029c50000)]
  0x00000000201dc800 JavaThread "WorkerExecutor Queue Thread 4" [_thread_blocked, id=7756, stack(0x0000000029a50000,0x0000000029b50000)]
  0x00000000201e1000 JavaThread "WorkerExecutor Queue Thread 3" [_thread_blocked, id=3528, stack(0x0000000029950000,0x0000000029a50000)]
  0x00000000201e0000 JavaThread "WorkerExecutor Queue Thread 2" [_thread_in_native, id=10848, stack(0x0000000029850000,0x0000000029950000)]
  0x00000000201db800 JavaThread "WorkerExecutor Queue" [_thread_blocked, id=3232, stack(0x0000000029750000,0x0000000029850000)]
  0x00000000201db000 JavaThread "Cache worker for execution history cache (C:\Users\admin\AndroidStudioProjects\Fruites\.gradle\6.1.1\executionHistory)" [_thread_blocked, id=7176, stack(0x0000000029240000,0x0000000029340000)]
  0x00000000201d8000 JavaThread "Execution worker for ':' Thread 3" [_thread_blocked, id=13424, stack(0x0000000029140000,0x0000000029240000)]
  0x00000000201d4000 JavaThread "Execution worker for ':' Thread 2" [_thread_blocked, id=11816, stack(0x0000000029040000,0x0000000029140000)]
  0x00000000201da000 JavaThread "Execution worker for ':'" [_thread_blocked, id=8724, stack(0x0000000028f40000,0x0000000029040000)]
  0x00000000201d7000 JavaThread "Cache worker for file content cache (C:\Users\admin\AndroidStudioProjects\Fruites\.gradle\6.1.1\fileContent)" [_thread_blocked, id=6884, stack(0x0000000028240000,0x0000000028340000)]
  0x00000000201d6800 JavaThread "Cache worker for Build Output Cleanup Cache (C:\Users\admin\AndroidStudioProjects\Fruites\.gradle\buildOutputCleanup)" [_thread_blocked, id=9984, stack(0x0000000027840000,0x0000000027940000)]
  0x00000000201d9800 JavaThread "pool-66-thread-1" [_thread_blocked, id=7832, stack(0x0000000026f40000,0x0000000027040000)]
  0x0000000026562800 JavaThread "Build operations Thread 4" [_thread_blocked, id=13212, stack(0x0000000026e40000,0x0000000026f40000)]
  0x0000000026569000 JavaThread "Build operations Thread 3" [_thread_blocked, id=10804, stack(0x0000000025090000,0x0000000025190000)]
  0x0000000026561800 JavaThread "Build operations Thread 2" [_thread_in_Java, id=11480, stack(0x0000000023d00000,0x0000000023e00000)]
  0x0000000026563000 JavaThread "Build operations" [_thread_blocked, id=10476, stack(0x0000000023200000,0x0000000023300000)]
  0x0000000026565800 JavaThread "Cache worker for cache directory md-rule (C:\Users\admin\.gradle\caches\6.1.1\md-rule)" [_thread_blocked, id=10872, stack(0x0000000022f00000,0x0000000023000000)]
  0x0000000026567800 JavaThread "Cache worker for cache directory md-supplier (C:\Users\admin\.gradle\caches\6.1.1\md-supplier)" [_thread_blocked, id=7344, stack(0x00000000225f0000,0x00000000226f0000)]
  0x0000000026564000 JavaThread "Cache worker for file hash cache (C:\Users\admin\AndroidStudioProjects\Fruites\.gradle\6.1.1\fileHashes)" [_thread_blocked, id=13548, stack(0x0000000022270000,0x0000000022370000)]
  0x0000000026566000 JavaThread "Cache worker for checksums cache (C:\Users\admin\AndroidStudioProjects\Fruites\.gradle\checksums)" [_thread_blocked, id=7500, stack(0x000000001fc40000,0x000000001fd40000)]
  0x000000002655a000 JavaThread "Thread-774" [_thread_blocked, id=8152, stack(0x000000001f940000,0x000000001fa40000)]
  0x0000000026560000 JavaThread "Stdin handler" [_thread_blocked, id=5416, stack(0x000000001d2a0000,0x000000001d3a0000)]
  0x000000002655f800 JavaThread "Asynchronous log dispatcher for DefaultDaemonConnection: socket connection from /127.0.0.1:1974 to /127.0.0.1:5046" [_thread_blocked, id=7844, stack(0x000000001cfa0000,0x000000001d0a0000)]
  0x000000002655d000 JavaThread "Cancel handler" [_thread_blocked, id=7156, stack(0x000000001cba0000,0x000000001cca0000)]
  0x0000000026561000 JavaThread "Handler for socket connection from /127.0.0.1:1974 to /127.0.0.1:5046" [_thread_in_native, id=1360, stack(0x000000001caa0000,0x000000001cba0000)]
  0x00000000195d0800 JavaThread "Daemon worker Thread 15" [_thread_blocked, id=10884, stack(0x000000001cea0000,0x000000001cfa0000)]
  0x00000000195c7800 JavaThread "Daemon Thread 15" [_thread_blocked, id=15144, stack(0x00000000009f0000,0x0000000000af0000)]
  0x0000000026568800 JavaThread "Cache worker for Java compile cache (C:\Users\admin\.gradle\caches\6.1.1\javaCompile)" [_thread_blocked, id=5532, stack(0x000000002a150000,0x000000002a250000)]
  0x00000000201d8800 JavaThread "MarlinRenderer Disposer" daemon [_thread_blocked, id=11724, stack(0x0000000028640000,0x0000000028740000)]
  0x00000000201d5800 JavaThread "Java2D Disposer" daemon [_thread_blocked, id=13596, stack(0x0000000028540000,0x0000000028640000)]
  0x00000000195c6000 JavaThread "Cache worker for file content cache (C:\Users\admin\.gradle\caches\6.1.1\fileContent)" [_thread_blocked, id=12896, stack(0x0000000027740000,0x0000000027840000)]
  0x00000000195c9000 JavaThread "Memory manager" [_thread_blocked, id=10596, stack(0x0000000027640000,0x0000000027740000)]
  0x000000001b583000 JavaThread "Cache worker for execution history cache (C:\Users\admin\.gradle\caches\6.1.1\executionHistory)" [_thread_blocked, id=11984, stack(0x0000000021280000,0x0000000021380000)]
  0x000000001b587800 JavaThread "Cache worker for file hash cache (C:\Users\admin\.gradle\caches\6.1.1\fileHashes)" [_thread_blocked, id=9780, stack(0x000000001d8a0000,0x000000001d9a0000)]
  0x000000001b582000 JavaThread "File lock request listener" [_thread_in_native, id=9716, stack(0x000000001d7a0000,0x000000001d8a0000)]
  0x000000001b5cf800 JavaThread "Cache worker for journal cache (C:\Users\admin\.gradle\caches\journal-1)" [_thread_blocked, id=9712, stack(0x000000001d6a0000,0x000000001d7a0000)]
  0x000000001b3e9800 JavaThread "Daemon periodic checks" [_thread_blocked, id=9196, stack(0x000000001c9a0000,0x000000001caa0000)]
  0x000000001b3f6800 JavaThread "Incoming local TCP Connector on port 1974" [_thread_in_native, id=9684, stack(0x000000001c760000,0x000000001c860000)]
  0x00000000193c8000 JavaThread "Daemon health stats" [_thread_blocked, id=12480, stack(0x000000001c120000,0x000000001c220000)]
  0x00000000193a0800 JavaThread "Service Thread" daemon [_thread_blocked, id=13948, stack(0x0000000019780000,0x0000000019880000)]
  0x0000000017a44000 JavaThread "C1 CompilerThread2" daemon [_thread_blocked, id=11796, stack(0x0000000019280000,0x0000000019380000)]
  0x0000000017a36800 JavaThread "C2 CompilerThread1" daemon [_thread_in_native, id=13000, stack(0x0000000019180000,0x0000000019280000)]
=>0x0000000017a3a000 JavaThread "C2 CompilerThread0" daemon [_thread_in_native, id=860, stack(0x0000000019080000,0x0000000019180000)]
  0x0000000017a39000 JavaThread "Attach Listener" daemon [_thread_blocked, id=12016, stack(0x0000000018f80000,0x0000000019080000)]
  0x0000000017a38000 JavaThread "Signal Dispatcher" daemon [_thread_blocked, id=2464, stack(0x0000000018e80000,0x0000000018f80000)]
  0x0000000002dde000 JavaThread "Finalizer" daemon [_thread_blocked, id=3248, stack(0x0000000018c80000,0x0000000018d80000)]
  0x0000000017a19000 JavaThread "Reference Handler" daemon [_thread_blocked, id=7376, stack(0x0000000018b80000,0x0000000018c80000)]
  0x0000000002bde000 JavaThread "main" [_thread_blocked, id=12028, stack(0x0000000002be0000,0x0000000002ce0000)]

Other Threads:
  0x00000000179f6800 VMThread [stack: 0x0000000018a80000,0x0000000018b80000] [id=14056]
  0x0000000017a8e800 WatcherThread [stack: 0x0000000019880000,0x0000000019980000] [id=12460]

VM state:not at safepoint (normal execution)

VM Mutex/Monitor currently owned by a thread: None

heap address: 0x0000000080000000, size: 2048 MB, Compressed Oops mode: 32-bit
Narrow klass base: 0x0000000000000000, Narrow klass shift: 3
Compressed class space size: 1073741824 Address: 0x0000000100000000

Heap:
 PSYoungGen      total 418304K, used 157410K [0x00000000d5580000, 0x00000000f2880000, 0x0000000100000000)
  eden space 381440K, 34% used [0x00000000d5580000,0x00000000dd697240,0x00000000eca00000)
  from space 36864K, 68% used [0x00000000eca00000,0x00000000ee2a1698,0x00000000eee00000)
  to   space 38400K, 0% used [0x00000000f0300000,0x00000000f0300000,0x00000000f2880000)
 ParOldGen       total 182272K, used 50514K [0x0000000080000000, 0x000000008b200000, 0x00000000d5580000)
  object space 182272K, 27% used [0x0000000080000000,0x0000000083154b18,0x000000008b200000)
 Metaspace       used 126431K, capacity 135330K, committed 135600K, reserved 1167360K
  class space    used 15961K, capacity 17538K, committed 17584K, reserved 1048576K

Card table byte_map: [0x00000000121a0000,0x00000000125b0000] byte_map_base: 0x0000000011da0000

Marking Bits: (ParMarkBitMap*) 0x0000000064a1f030
 Begin Bits: [0x0000000012c60000, 0x0000000014c60000)
 End Bits:   [0x0000000014c60000, 0x0000000016c60000)

Polling page: 0x0000000002b80000

CodeCache: size=245760Kb used=85223Kb max_used=85223Kb free=160536Kb
 bounds [0x0000000002de0000, 0x00000000081a0000, 0x0000000011de0000]
 total_blobs=25458 nmethods=24377 adapters=991
 compilation: enabled

Compilation events (10 events):
Event: 5622.020 Thread 0x0000000017a44000 31485 %     3       com.android.tools.r8.s.a.b.l.g.o::a @ 171 (265 bytes)
Event: 5622.024 Thread 0x0000000017a44000 nmethod 31485% 0x0000000008175c90 code [0x0000000008176280, 0x000000000817a098]
Event: 5622.024 Thread 0x0000000017a44000 31486       2       java.util.concurrent.ConcurrentHashMap::mappingCount (17 bytes)
Event: 5622.025 Thread 0x0000000017a44000 nmethod 31486 0x000000000745d810 code [0x000000000745d980, 0x000000000745db08]
Event: 5622.091 Thread 0x0000000017a44000 31490       2       com.android.tools.r8.dex.r::a (98 bytes)
Event: 5622.092 Thread 0x0000000017a44000 nmethod 31490 0x0000000008175150 code [0x0000000008175320, 0x0000000008175778]
Event: 5622.092 Thread 0x0000000017a44000 31491       2       com.android.tools.r8.dex.m::f (22 bytes)
Event: 5622.093 Thread 0x0000000017a44000 nmethod 31491 0x0000000008174c50 code [0x0000000008174dc0, 0x0000000008174f98]
Event: 5622.093 Thread 0x0000000017a44000 31489       2       com.android.tools.r8.dex.r$$Lambda$1088/524612145::accept (12 bytes)
Event: 5622.093 Thread 0x0000000017a44000 nmethod 31489 0x0000000008174850 code [0x00000000081749c0, 0x0000000008174b68]

GC Heap History (10 events):
Event: 3224.375 GC heap before
{Heap before GC invocations=54 (full 5):
 PSYoungGen      total 441344K, used 406016K [0x00000000d5580000, 0x00000000f2800000, 0x0000000100000000)
  eden space 406016K, 100% used [0x00000000d5580000,0x00000000ee200000,0x00000000ee200000)
  from space 35328K, 0% used [0x00000000f0580000,0x00000000f0580000,0x00000000f2800000)
  to   space 35840K, 0% used [0x00000000ee200000,0x00000000ee200000,0x00000000f0500000)
 ParOldGen       total 182272K, used 50482K [0x0000000080000000, 0x000000008b200000, 0x00000000d5580000)
  object space 182272K, 27% used [0x0000000080000000,0x000000008314cb18,0x000000008b200000)
 Metaspace       used 120243K, capacity 128266K, committed 132016K, reserved 1163264K
  class space    used 15176K, capacity 16549K, committed 17328K, reserved 1048576K
Event: 3224.389 GC heap after
Heap after GC invocations=54 (full 5):
 PSYoungGen      total 441856K, used 6098K [0x00000000d5580000, 0x00000000f3a80000, 0x0000000100000000)
  eden space 406016K, 0% used [0x00000000d5580000,0x00000000d5580000,0x00000000ee200000)
  from space 35840K, 17% used [0x00000000ee200000,0x00000000ee7f4828,0x00000000f0500000)
  to   space 35328K, 0% used [0x00000000f1800000,0x00000000f1800000,0x00000000f3a80000)
 ParOldGen       total 182272K, used 50490K [0x0000000080000000, 0x000000008b200000, 0x00000000d5580000)
  object space 182272K, 27% used [0x0000000080000000,0x000000008314eb18,0x000000008b200000)
 Metaspace       used 120243K, capacity 128266K, committed 132016K, reserved 1163264K
  class space    used 15176K, capacity 16549K, committed 17328K, reserved 1048576K
}
Event: 5140.174 GC heap before
{Heap before GC invocations=55 (full 5):
 PSYoungGen      total 441856K, used 412114K [0x00000000d5580000, 0x00000000f3a80000, 0x0000000100000000)
  eden space 406016K, 100% used [0x00000000d5580000,0x00000000ee200000,0x00000000ee200000)
  from space 35840K, 17% used [0x00000000ee200000,0x00000000ee7f4828,0x00000000f0500000)
  to   space 35328K, 0% used [0x00000000f1800000,0x00000000f1800000,0x00000000f3a80000)
 ParOldGen       total 182272K, used 50490K [0x0000000080000000, 0x000000008b200000, 0x00000000d5580000)
  object space 182272K, 27% used [0x0000000080000000,0x000000008314eb18,0x000000008b200000)
 Metaspace       used 120609K, capacity 128724K, committed 132016K, reserved 1163264K
  class space    used 15203K, capacity 16600K, committed 17328K, reserved 1048576K
Event: 5140.193 GC heap after
Heap after GC invocations=55 (full 5):
 PSYoungGen      total 402432K, used 11383K [0x00000000d5580000, 0x00000000f2380000, 0x0000000100000000)
  eden space 390656K, 0% used [0x00000000d5580000,0x00000000d5580000,0x00000000ed300000)
  from space 11776K, 96% used [0x00000000f1800000,0x00000000f231dfc8,0x00000000f2380000)
  to   space 33792K, 0% used [0x00000000ee180000,0x00000000ee180000,0x00000000f0280000)
 ParOldGen       total 182272K, used 50498K [0x0000000080000000, 0x000000008b200000, 0x00000000d5580000)
  object space 182272K, 27% used [0x0000000080000000,0x0000000083150b18,0x000000008b200000)
 Metaspace       used 120609K, capacity 128724K, committed 132016K, reserved 1163264K
  class space    used 15203K, capacity 16600K, committed 17328K, reserved 1048576K
}
Event: 5521.196 GC heap before
{Heap before GC invocations=56 (full 5):
 PSYoungGen      total 402432K, used 402039K [0x00000000d5580000, 0x00000000f2380000, 0x0000000100000000)
  eden space 390656K, 100% used [0x00000000d5580000,0x00000000ed300000,0x00000000ed300000)
  from space 11776K, 96% used [0x00000000f1800000,0x00000000f231dfc8,0x00000000f2380000)
  to   space 33792K, 0% used [0x00000000ee180000,0x00000000ee180000,0x00000000f0280000)
 ParOldGen       total 182272K, used 50498K [0x0000000080000000, 0x000000008b200000, 0x00000000d5580000)
  object space 182272K, 27% used [0x0000000080000000,0x0000000083150b18,0x000000008b200000)
 Metaspace       used 126245K, capacity 134984K, committed 135088K, reserved 1167360K
  class space    used 15948K, capacity 17515K, committed 17584K, reserved 1048576K
Event: 5521.222 GC heap after
Heap after GC invocations=56 (full 5):
 PSYoungGen      total 396800K, used 20698K [0x00000000d5580000, 0x00000000f1880000, 0x0000000100000000)
  eden space 375808K, 0% used [0x00000000d5580000,0x00000000d5580000,0x00000000ec480000)
  from space 20992K, 98% used [0x00000000ee180000,0x00000000ef5b6ae0,0x00000000ef600000)
  to   space 34304K, 0% used [0x00000000ef700000,0x00000000ef700000,0x00000000f1880000)
 ParOldGen       total 182272K, used 50506K [0x0000000080000000, 0x000000008b200000, 0x00000000d5580000)
  object space 182272K, 27% used [0x0000000080000000,0x0000000083152b18,0x000000008b200000)
 Metaspace       used 126245K, capacity 134984K, committed 135088K, reserved 1167360K
  class space    used 15948K, capacity 17515K, committed 17584K, reserved 1048576K
}
Event: 5620.652 GC heap before
{Heap before GC invocations=57 (full 5):
 PSYoungGen      total 396800K, used 396506K [0x00000000d5580000, 0x00000000f1880000, 0x0000000100000000)
  eden space 375808K, 100% used [0x00000000d5580000,0x00000000ec480000,0x00000000ec480000)
  from space 20992K, 98% used [0x00000000ee180000,0x00000000ef5b6ae0,0x00000000ef600000)
  to   space 34304K, 0% used [0x00000000ef700000,0x00000000ef700000,0x00000000f1880000)
 ParOldGen       total 182272K, used 50506K [0x0000000080000000, 0x000000008b200000, 0x00000000d5580000)
  object space 182272K, 27% used [0x0000000080000000,0x0000000083152b18,0x000000008b200000)
 Metaspace       used 126404K, capacity 135318K, committed 135600K, reserved 1167360K
  class space    used 15960K, capacity 17538K, committed 17584K, reserved 1048576K
Event: 5620.730 GC heap after
Heap after GC invocations=57 (full 5):
 PSYoungGen      total 389632K, used 27451K [0x00000000d5580000, 0x00000000f1200000, 0x0000000100000000)
  eden space 361984K, 0% used [0x00000000d5580000,0x00000000d5580000,0x00000000eb700000)
  from space 27648K, 99% used [0x00000000ef700000,0x00000000f11cef88,0x00000000f1200000)
  to   space 36864K, 0% used [0x00000000eca00000,0x00000000eca00000,0x00000000eee00000)
 ParOldGen       total 182272K, used 50514K [0x0000000080000000, 0x000000008b200000, 0x00000000d5580000)
  object space 182272K, 27% used [0x0000000080000000,0x0000000083154b18,0x000000008b200000)
 Metaspace       used 126404K, capacity 135318K, committed 135600K, reserved 1167360K
  class space    used 15960K, capacity 17538K, committed 17584K, reserved 1048576K
}
Event: 5621.789 GC heap before
{Heap before GC invocations=58 (full 5):
 PSYoungGen      total 389632K, used 389435K [0x00000000d5580000, 0x00000000f1200000, 0x0000000100000000)
  eden space 361984K, 100% used [0x00000000d5580000,0x00000000eb700000,0x00000000eb700000)
  from space 27648K, 99% used [0x00000000ef700000,0x00000000f11cef88,0x00000000f1200000)
  to   space 36864K, 0% used [0x00000000eca00000,0x00000000eca00000,0x00000000eee00000)
 ParOldGen       total 182272K, used 50514K [0x0000000080000000, 0x000000008b200000, 0x00000000d5580000)
  object space 182272K, 27% used [0x0000000080000000,0x0000000083154b18,0x000000008b200000)
 Metaspace       used 126417K, capacity 135330K, committed 135600K, reserved 1167360K
  class space    used 15960K, capacity 17538K, committed 17584K, reserved 1048576K
Event: 5621.838 GC heap after
Heap after GC invocations=58 (full 5):
 PSYoungGen      total 418304K, used 25221K [0x00000000d5580000, 0x00000000f2880000, 0x0000000100000000)
  eden space 381440K, 0% used [0x00000000d5580000,0x00000000d5580000,0x00000000eca00000)
  from space 36864K, 68% used [0x00000000eca00000,0x00000000ee2a1698,0x00000000eee00000)
  to   space 38400K, 0% used [0x00000000f0300000,0x00000000f0300000,0x00000000f2880000)
 ParOldGen       total 182272K, used 50514K [0x0000000080000000, 0x000000008b200000, 0x00000000d5580000)
  object space 182272K, 27% used [0x0000000080000000,0x0000000083154b18,0x000000008b200000)
 Metaspace       used 126417K, capacity 135330K, committed 135600K, reserved 1167360K
  class space    used 15960K, capacity 17538K, committed 17584K, reserved 1048576K
}

Deoptimization events (10 events):
Event: 5620.002 Thread 0x00000000201da000 Uncommon trap: reason=array_check action=maybe_recompile pc=0x0000000006eb8f84 method=java.util.ComparableTimSort.mergeHi(IIII)V @ 245
Event: 5620.142 Thread 0x00000000201da000 Uncommon trap: reason=unstable_if action=reinterpret pc=0x000000000476c0f0 method=com.android.tools.r8.B.a.a.B.a()Ljava/lang/String; @ 8
Event: 5620.216 Thread 0x00000000201da000 Uncommon trap: reason=null_check action=make_not_entrant pc=0x0000000006f73fcc method=com.android.tools.r8.ir.analysis.type.a.a(Lcom/android/tools/r8/ir/analysis/type/l;)Lcom/android/tools/r8/ir/analysis/type/o; @ 8
Event: 5620.415 Thread 0x0000000026561800 Uncommon trap: reason=null_check action=make_not_entrant pc=0x0000000006f7d704 method=com.android.tools.r8.ir.analysis.type.a.a(Lcom/android/tools/r8/ir/analysis/type/l;)Lcom/android/tools/r8/ir/analysis/type/o; @ 8
Event: 5620.988 Thread 0x0000000026563000 Uncommon trap: reason=unstable_if action=reinterpret pc=0x00000000071f4668 method=com.android.tools.r8.ir.conversion.N.a(Lcom/android/tools/r8/u/b/p1;II)V @ 95
Event: 5621.311 Thread 0x0000000026563000 Uncommon trap: reason=array_check action=maybe_recompile pc=0x0000000007c70e10 method=java.util.TimSort.mergeHi(IIII)V @ 282
Event: 5621.312 Thread 0x0000000026563000 Uncommon trap: reason=array_check action=maybe_recompile pc=0x0000000007c70e10 method=java.util.TimSort.mergeHi(IIII)V @ 282
Event: 5621.914 Thread 0x00000000201da000 Uncommon trap: reason=class_check action=maybe_recompile pc=0x000000000717fd7c method=com.android.tools.r8.graph.Z.computeEquals(Ljava/lang/Object;)Z @ 1
Event: 5622.042 Thread 0x00000000201da000 Uncommon trap: reason=array_check action=maybe_recompile pc=0x0000000007c762c8 method=java.util.TimSort.mergeLo(IIII)V @ 212
Event: 5622.042 Thread 0x00000000201da000 Uncommon trap: reason=array_check action=maybe_recompile pc=0x0000000007c762c8 method=java.util.TimSort.mergeLo(IIII)V @ 212

Classes redefined (0 events):
No events

Internal exceptions (10 events):
Event: 5619.583 Thread 0x0000000026569000 Exception <a 'sun/nio/fs/WindowsException'> (0x00000000dafa3610) thrown at [C:\src\AOSP-openjdk-git\hotspot\src\share\vm\prims\jni.cpp, line 710]
Event: 5619.663 Thread 0x0000000026563000 Exception <a 'sun/nio/fs/WindowsException'> (0x00000000e08c2e40) thrown at [C:\src\AOSP-openjdk-git\hotspot\src\share\vm\prims\jni.cpp, line 710]
Event: 5619.832 Thread 0x0000000026562800 Exception <a 'sun/nio/fs/WindowsException'> (0x00000000df8a4b60) thrown at [C:\src\AOSP-openjdk-git\hotspot\src\share\vm\prims\jni.cpp, line 710]
Event: 5620.112 Thread 0x00000000201da000 Exception <a 'sun/nio/fs/WindowsException'> (0x00000000e296aba0) thrown at [C:\src\AOSP-openjdk-git\hotspot\src\share\vm\prims\jni.cpp, line 710]
Event: 5620.125 Thread 0x0000000026561800 Exception <a 'sun/nio/fs/WindowsException'> (0x00000000e2bf43d8) thrown at [C:\src\AOSP-openjdk-git\hotspot\src\share\vm\prims\jni.cpp, line 710]
Event: 5620.216 Thread 0x00000000201da000 Implicit null exception at 0x0000000006f722c7 to 0x0000000006f73fc1
Event: 5620.406 Thread 0x0000000026563000 Exception <a 'sun/nio/fs/WindowsException'> (0x00000000e714c630) thrown at [C:\src\AOSP-openjdk-git\hotspot\src\share\vm\prims\jni.cpp, line 710]
Event: 5620.415 Thread 0x0000000026561800 Implicit null exception at 0x0000000006f7cd03 to 0x0000000006f7d6f9
Event: 5621.412 Thread 0x0000000026563000 Exception <a 'sun/nio/fs/WindowsException'> (0x00000000e1ae3a08) thrown at [C:\src\AOSP-openjdk-git\hotspot\src\share\vm\prims\jni.cpp, line 710]
Event: 5622.117 Thread 0x00000000201da000 Exception <a 'sun/nio/fs/WindowsException'> (0x00000000d9a1f1b0) thrown at [C:\src\AOSP-openjdk-git\hotspot\src\share\vm\prims\jni.cpp, line 710]

Events (10 events):
Event: 5622.271 Thread 0x0000000026561800 DEOPT PACKING pc=0x0000000003071f12 sp=0x0000000023dfa5b0
Event: 5622.271 Thread 0x0000000026561800 DEOPT UNPACKING pc=0x0000000002e275d0 sp=0x0000000023dfa330 mode 0
Event: 5622.310 Thread 0x0000000026561800 DEOPT PACKING pc=0x0000000003071eed sp=0x0000000023dfa2a0
Event: 5622.310 Thread 0x0000000026561800 DEOPT UNPACKING pc=0x0000000002e275d0 sp=0x0000000023dfa028 mode 0
Event: 5622.327 Thread 0x0000000026561800 DEOPT PACKING pc=0x000000000670f605 sp=0x0000000023dfaaa0
Event: 5622.327 Thread 0x0000000026561800 DEOPT UNPACKING pc=0x0000000002e275d0 sp=0x0000000023dfa940 mode 0
Event: 5622.376 Thread 0x0000000026561800 DEOPT PACKING pc=0x0000000003071eed sp=0x0000000023dfa7a0
Event: 5622.377 Thread 0x0000000026561800 DEOPT UNPACKING pc=0x0000000002e275d0 sp=0x0000000023dfa528 mode 0
Event: 5622.392 Thread 0x0000000026561800 DEOPT PACKING pc=0x0000000006785a7d sp=0x0000000023dfaac0
Event: 5622.392 Thread 0x0000000026561800 DEOPT UNPACKING pc=0x0000000002e275d0 sp=0x0000000023dfa930 mode 0


Dynamic libraries:
0x00007ff646f20000 - 0x00007ff646f51000 	C:\Program Files\Android\Android Studio\jre\bin\java.exe
0x00007ffc3f0a0000 - 0x00007ffc3f290000 	C:\WINDOWS\SYSTEM32\ntdll.dll
0x00007ffc3d150000 - 0x00007ffc3d202000 	C:\WINDOWS\System32\KERNEL32.DLL
0x00007ffc3c030000 - 0x00007ffc3c2d4000 	C:\WINDOWS\System32\KERNELBASE.dll
0x00007ffc3d280000 - 0x00007ffc3d323000 	C:\WINDOWS\System32\ADVAPI32.dll
0x00007ffc3dae0000 - 0x00007ffc3db7e000 	C:\WINDOWS\System32\msvcrt.dll
0x00007ffc3eae0000 - 0x00007ffc3eb77000 	C:\WINDOWS\System32\sechost.dll
0x00007ffc3dd60000 - 0x00007ffc3de80000 	C:\WINDOWS\System32\RPCRT4.dll
0x00007ffc3e940000 - 0x00007ffc3ead4000 	C:\WINDOWS\System32\USER32.dll
0x00007ffc3c430000 - 0x00007ffc3c451000 	C:\WINDOWS\System32\win32u.dll
0x00007ffc3dd30000 - 0x00007ffc3dd56000 	C:\WINDOWS\System32\GDI32.dll
0x00007ffc3c460000 - 0x00007ffc3c5f5000 	C:\WINDOWS\System32\gdi32full.dll
0x00007ffc3c760000 - 0x00007ffc3c7fe000 	C:\WINDOWS\System32\msvcp_win.dll
0x00007ffc3d050000 - 0x00007ffc3d14a000 	C:\WINDOWS\System32\ucrtbase.dll
0x00007ffc2e590000 - 0x00007ffc2e814000 	C:\WINDOWS\WinSxS\amd64_microsoft.windows.common-controls_6595b64144ccf1df_6.0.18362.900_none_e6beb9d913147d17\COMCTL32.dll
0x00007ffc3e170000 - 0x00007ffc3e4a5000 	C:\WINDOWS\System32\combase.dll
0x00007ffc3cfa0000 - 0x00007ffc3d020000 	C:\WINDOWS\System32\bcryptPrimitives.dll
0x00007ffc3e910000 - 0x00007ffc3e93e000 	C:\WINDOWS\System32\IMM32.DLL
0x00007ffc31090000 - 0x00007ffc3113c000 	C:\Windows\system32\tmumh\20019\AddOn\7.0.0.1176\TmUmEvt64.dll
0x00007ffc3d270000 - 0x00007ffc3d278000 	C:\WINDOWS\System32\PSAPI.DLL
0x00007ffc3d210000 - 0x00007ffc3d262000 	C:\WINDOWS\System32\shlwapi.dll
0x000000006a440000 - 0x000000006a55a000 	C:\Windows\system32\tmumh\20019\TmMon\2.5.0.2096\tmmon64.dll
0x0000000064db0000 - 0x0000000064e82000 	C:\Program Files\Android\Android Studio\jre\jre\bin\msvcr100.dll
0x0000000064250000 - 0x0000000064a9b000 	C:\Program Files\Android\Android Studio\jre\jre\bin\server\jvm.dll
0x00007ffc29770000 - 0x00007ffc29779000 	C:\WINDOWS\SYSTEM32\WSOCK32.dll
0x00007ffc3eff0000 - 0x00007ffc3f05f000 	C:\WINDOWS\System32\WS2_32.dll
0x00007ffc37020000 - 0x00007ffc37044000 	C:\WINDOWS\SYSTEM32\WINMM.dll
0x00007ffc312e0000 - 0x00007ffc312ea000 	C:\WINDOWS\SYSTEM32\VERSION.dll
0x00007ffc36ff0000 - 0x00007ffc3701d000 	C:\WINDOWS\SYSTEM32\WINMMBASE.dll
0x00007ffc3c710000 - 0x00007ffc3c75a000 	C:\WINDOWS\System32\cfgmgr32.dll
0x00007ffc14350000 - 0x00007ffc1435f000 	C:\Program Files\Android\Android Studio\jre\jre\bin\verify.dll
0x00007ffc12970000 - 0x00007ffc12999000 	C:\Program Files\Android\Android Studio\jre\jre\bin\java.dll
0x00007ffc12ca0000 - 0x00007ffc12cb6000 	C:\Program Files\Android\Android Studio\jre\jre\bin\zip.dll
0x00007ffc3d3e0000 - 0x00007ffc3dac6000 	C:\WINDOWS\System32\SHELL32.dll
0x00007ffc3d330000 - 0x00007ffc3d3d9000 	C:\WINDOWS\System32\shcore.dll
0x00007ffc3c820000 - 0x00007ffc3cfa0000 	C:\WINDOWS\System32\windows.storage.dll
0x00007ffc3c000000 - 0x00007ffc3c023000 	C:\WINDOWS\System32\profapi.dll
0x00007ffc3bfb0000 - 0x00007ffc3bffa000 	C:\WINDOWS\System32\powrprof.dll
0x00007ffc3bf60000 - 0x00007ffc3bf70000 	C:\WINDOWS\System32\UMPDC.dll
0x00007ffc3bf90000 - 0x00007ffc3bfa1000 	C:\WINDOWS\System32\kernel.appcore.dll
0x00007ffc3c800000 - 0x00007ffc3c817000 	C:\WINDOWS\System32\cryptsp.dll
0x00007ffc1bcc0000 - 0x00007ffc1bcda000 	C:\Program Files\Android\Android Studio\jre\jre\bin\net.dll
0x00007ffc3b7d0000 - 0x00007ffc3b837000 	C:\WINDOWS\system32\mswsock.dll
0x00007ffc1bca0000 - 0x00007ffc1bcb3000 	C:\Program Files\Android\Android Studio\jre\jre\bin\nio.dll
0x00007ffc36520000 - 0x00007ffc36546000 	C:\Users\admin\.gradle\native\31\windows-amd64\native-platform.dll
0x00007ffc1bc90000 - 0x00007ffc1bc9d000 	C:\Program Files\Android\Android Studio\jre\jre\bin\management.dll
0x00007ffc3b340000 - 0x00007ffc3b373000 	C:\WINDOWS\system32\rsaenh.dll
0x00007ffc3d020000 - 0x00007ffc3d046000 	C:\WINDOWS\System32\bcrypt.dll
0x00007ffc3be80000 - 0x00007ffc3bea5000 	C:\WINDOWS\SYSTEM32\USERENV.dll
0x00007ffc3b9a0000 - 0x00007ffc3b9ac000 	C:\WINDOWS\SYSTEM32\CRYPTBASE.dll
0x00007ffc3b4e0000 - 0x00007ffc3b51a000 	C:\WINDOWS\SYSTEM32\IPHLPAPI.DLL
0x00007ffc3e090000 - 0x00007ffc3e098000 	C:\WINDOWS\System32\NSI.dll
0x00007ffc33370000 - 0x00007ffc33386000 	C:\WINDOWS\SYSTEM32\dhcpcsvc6.DLL
0x00007ffc33c70000 - 0x00007ffc33c8c000 	C:\WINDOWS\SYSTEM32\dhcpcsvc.DLL
0x00007ffc3b520000 - 0x00007ffc3b5eb000 	C:\WINDOWS\SYSTEM32\DNSAPI.dll
0x00007ffc1de20000 - 0x00007ffc1de44000 	C:\Program Files\Android\Android Studio\jre\jre\bin\sunec.dll
0x00007ffc2e580000 - 0x00007ffc2e58a000 	C:\Windows\System32\rasadhlp.dll
0x00007ffc31140000 - 0x00007ffc311b7000 	C:\WINDOWS\System32\fwpuclnt.dll
0x00007ffc1c500000 - 0x00007ffc1c50b000 	C:\Program Files\Android\Android Studio\jre\jre\bin\sunmscapi.dll
0x00007ffc3c2e0000 - 0x00007ffc3c429000 	C:\WINDOWS\System32\CRYPT32.dll
0x00007ffc3bf70000 - 0x00007ffc3bf82000 	C:\WINDOWS\System32\MSASN1.dll
0x00007ffbf8c80000 - 0x00007ffbf8e1c000 	C:\Program Files\Android\Android Studio\jre\jre\bin\awt.dll
0x00007ffc3e4b0000 - 0x00007ffc3e575000 	C:\WINDOWS\System32\OLEAUT32.dll
0x00007ffc3a3d0000 - 0x00007ffc3a3fd000 	C:\WINDOWS\SYSTEM32\dwmapi.dll
0x00007ffc38cc0000 - 0x00007ffc39280000 	C:\WINDOWS\SYSTEM32\d2d1.dll
0x00007ffc39dc0000 - 0x00007ffc39e4f000 	C:\WINDOWS\SYSTEM32\apphelp.dll
0x00007ffc39f00000 - 0x00007ffc39f99000 	C:\WINDOWS\system32\uxtheme.dll
0x00007ffc3afc0000 - 0x00007ffc3aff1000 	C:\WINDOWS\SYSTEM32\ntmarta.dll
0x00007ffc29ed0000 - 0x00007ffc2a0c4000 	C:\WINDOWS\SYSTEM32\dbghelp.dll

VM Arguments:
jvm_args: -Xmx2048m -Dfile.encoding=windows-1252 -Duser.country=US -Duser.language=en -Duser.variant 
java_command: org.gradle.launcher.daemon.bootstrap.GradleDaemon 6.1.1
java_class_path (initial): C:\Users\admin\.gradle\wrapper\dists\gradle-6.1.1-all\cfmwm155h49vnt3hynmlrsdst\gradle-6.1.1\lib\gradle-launcher-6.1.1.jar
Launcher Type: SUN_STANDARD

Environment Variables:
PATH=C:\WINDOWS\system32;C:\WINDOWS;C:\WINDOWS\System32\Wbem;C:\WINDOWS\System32\WindowsPowerShell\v1.0\;C:\Program Files (x86)\Microsoft SQL Server\100\Tools\Binn\;C:\Program Files\Microsoft SQL Server\100\Tools\Binn\;C:\Program Files\Microsoft SQL Server\100\DTS\Binn\;C:\Program Files (x86)\Microsoft SQL Server\100\Tools\Binn\VSShell\Common7\IDE\;C:\Program Files (x86)\Microsoft Visual Studio 9.0\Common7\IDE\PrivateAssemblies\;C:\Program Files (x86)\Microsoft SQL Server\100\DTS\Binn\;C:\Program Files\Microsoft SQL Server\120\DTS\Binn\;C:\Program Files\Microsoft SQL Server\Client SDK\ODBC\110\Tools\Binn\;C:\Program Files (x86)\Microsoft SQL Server\120\Tools\Binn\;C:\Program Files\Microsoft SQL Server\120\Tools\Binn\;C:\Program Files (x86)\Microsoft SQL Server\120\Tools\Binn\ManagementStudio\;C:\Program Files (x86)\Microsoft SQL Server\120\DTS\Binn\;C:\Program Files (x86)\Windows Kits\8.1\Windows Performance Toolkit\;C:\Program Files\Microsoft SQL Server\110\Tools\Binn\;C:\Program Files\Redis\;C:\WINDOWS\System32\OpenSSH\;C:\Program Files\dotnet\;C:\Users\admin\AppData\Local\Microsoft\WindowsApps;
USERNAME=admin
OS=Windows_NT
PROCESSOR_IDENTIFIER=Intel64 Family 6 Model 78 Stepping 3, GenuineIntel



---------------  S Y S T E M  ---------------

OS: Windows 10.0 , 64 bit Build 18362 (10.0.18362.900)

CPU:total 4 (initial active 4) (2 cores per cpu, 2 threads per core) family 6 model 78 stepping 3, cmov, cx8, fxsr, mmx, sse, sse2, sse3, ssse3, sse4.1, sse4.2, popcnt, avx, avx2, aes, clmul, erms, 3dnowpref, lzcnt, ht, tsc, tscinvbit, bmi1, bmi2, adx

Memory: 4k page, physical 7764572k(1681920k free), swap 15628892k(7886412k free)

vm_info: OpenJDK 64-Bit Server VM (25.242-b01) for windows-amd64 JRE (1.8.0_242-release-1644-b01), built by "builder" with MS VC++ 10.0 (VS2010)

time: Thu Jun 18 07:13:52 2020
timezone: India Standard Time
elapsed time: 5622 seconds (0d 1h 33m 42s)

